2024-02-22 03:24:48,843 - info - INFO - This is an info message
2024-02-22 03:25:39,788 - info - INFO - user_input2 module loaded successfully
2024-02-22 03:25:39,839 - info - INFO - API credentials fetched successfully
2024-02-22 03:25:39,839 - info - INFO - config module loaded successfully
2024-02-22 03:25:40,299 - info - INFO - coinbase_auth module loaded successfully
2024-02-22 03:25:40,302 - info - INFO - coinbase_utils module loaded successfully
2024-02-22 03:25:42,071 - info - INFO - {'product_id': 'XLM-USD', 'price': '0.116865', 'price_percentage_change_24h': '1.69602144174876', 'volume_24h': '74971957', 'volume_percentage_change_24h': '-37.72769290920584', 'base_increment': '1', 'quote_increment': '0.000001', 'quote_min_size': '1', 'quote_max_size': '10000000', 'base_min_size': '12', 'base_max_size': '116945400', 'base_name': 'Stellar Lumens', 'quote_name': 'US Dollar', 'watched': True, 'is_disabled': False, 'new': False, 'status': 'online', 'cancel_only': False, 'limit_only': False, 'post_only': False, 'trading_disabled': False, 'auction_mode': False, 'product_type': 'SPOT', 'quote_currency_id': 'USD', 'base_currency_id': 'XLM', 'base_display_symbol': 'XLM', 'quote_display_symbol': 'USD', 'view_only': False, 'price_increment': '0.000001'}
2024-02-22 03:25:42,074 - info - INFO - bollinger_utils module loaded successfully
2024-02-22 03:25:42,676 - info - INFO - order_utils module loaded successfully
2024-02-22 03:25:46,687 - info - INFO - {'product_id': 'XLM-USD', 'price': '0.116865', 'price_percentage_change_24h': '1.69602144174876', 'volume_24h': '74975532', 'volume_percentage_change_24h': '-37.73215050257086', 'base_increment': '1', 'quote_increment': '0.000001', 'quote_min_size': '1', 'quote_max_size': '10000000', 'base_min_size': '12', 'base_max_size': '116945400', 'base_name': 'Stellar Lumens', 'quote_name': 'US Dollar', 'watched': True, 'is_disabled': False, 'new': False, 'status': 'online', 'cancel_only': False, 'limit_only': False, 'post_only': False, 'trading_disabled': False, 'auction_mode': False, 'product_type': 'SPOT', 'quote_currency_id': 'USD', 'base_currency_id': 'XLM', 'base_display_symbol': 'XLM', 'quote_display_symbol': 'USD', 'view_only': False, 'price_increment': '0.000001'}
2024-02-22 03:25:46,693 - info - INFO - Moving Average: 0.1168046
2024-02-22 03:25:46,695 - info - INFO - Standard Deviation: 0.00017229088010809252
2024-02-22 03:25:46,696 - info - INFO - Upper Bollinger Band: 0.11714918176021617
2024-02-22 03:25:46,696 - info - INFO - Lower Bollinger Band: 0.11646001823978382
2024-02-22 03:26:39,102 - info - INFO - repeating_cycle_utils module loaded successfully
2024-02-22 03:26:39,103 - info - INFO - order_processing_utils module loaded successfully
2024-02-22 03:26:39,892 - info - INFO - {'product_id': 'XLM-USD', 'price': '0.116846', 'price_percentage_change_24h': '1.62907813138737', 'volume_24h': '74955923', 'volume_percentage_change_24h': '-37.67414635606537', 'base_increment': '1', 'quote_increment': '0.000001', 'quote_min_size': '1', 'quote_max_size': '10000000', 'base_min_size': '12', 'base_max_size': '116945400', 'base_name': 'Stellar Lumens', 'quote_name': 'US Dollar', 'watched': True, 'is_disabled': False, 'new': False, 'status': 'online', 'cancel_only': False, 'limit_only': False, 'post_only': False, 'trading_disabled': False, 'auction_mode': False, 'product_type': 'SPOT', 'quote_currency_id': 'USD', 'base_currency_id': 'XLM', 'base_display_symbol': 'XLM', 'quote_display_symbol': 'USD', 'view_only': False, 'price_increment': '0.000001'}
2024-02-22 03:26:40,622 - info - INFO - Compounding functions defined.
2024-02-22 03:26:40,623 - info - INFO - compounding_utils module loaded successfully
2024-02-22 03:26:41,337 - info - INFO - 24 hr High: 0.117026, 24 hr Low: 0.113279
2024-02-22 03:26:41,338 - info - INFO - 24 hr mean: 0.1151525
2024-02-22 03:26:41,352 - info - INFO - cycle_set_utils module loaded successfully
2024-02-22 03:26:41,792 - info - INFO - This is an info message
2024-02-22 03:26:41,792 - info - INFO - user_config data: {'base_asset': 'XLM', 'quote_asset': 'USD', 'product_id': 'XLM-USD', 'starting_size_B': 100.0, 'starting_size_Q': 10.0, 'profit_percent': 0.001, 'taker_fee': 0.0055, 'maker_fee': 0.0035, 'compound_percent': 100.0, 'compounding_option': '100', 'wait_period_unit': 'minutes', 'first_order_wait_period': 1, 'chart_interval': 60, 'num_intervals': 20, 'window_size': 20, 'stacking': 'False', 'step_price': 'False'}
2024-02-22 03:26:43,146 - info - INFO - 24 hr High: 0.117026, 24 hr Low: 0.113279
2024-02-22 03:26:43,147 - info - INFO - 24 hr mean: 0.1151525
2024-02-22 03:26:43,149 - info - INFO - Moving Average: 0.1168046
2024-02-22 03:26:43,150 - info - INFO - Standard Deviation: 0.00017229088010809252
2024-02-22 03:26:43,151 - info - INFO - Upper Bollinger Band: 0.11714918176021617
2024-02-22 03:26:43,151 - info - INFO - Lower Bollinger Band: 0.11646001823978382
2024-02-22 03:26:43,829 - info - INFO - get_best_bid_ask_prices raw response data: {"pricebooks":[{"product_id":"XLM-USD", "bids":[{"price":"0.116848", "size":"2686"}], "asks":[{"price":"0.116892", "size":"2842"}], "time":"2024-02-22T08:26:44.447088Z"}]}
2024-02-22 03:26:43,830 - info - INFO - For XLM-USD: Best bid: 0.116848, Best ask: 0.116892
2024-02-22 03:26:43,832 - info - INFO - Current price: 0.116846
2024-02-22 03:26:43,833 - info - INFO - Starting price determined for buy order: 0.116506
2024-02-22 03:26:43,834 - info - INFO - Unique ID created: e6f83f49-8324-4933-8516-73fb15d472aa
2024-02-22 03:26:43,835 - info - INFO - Payload: {'side': 'SELL', 'order_configuration': {'limit_limit_gtc': {'base_size': '100.0', 'limit_price': '0.117091', 'post_only': True}}, 'product_id': 'XLM-USD', 'client_order_id': 'e6f83f49-8324-4933-8516-73fb15d472aa'}
2024-02-22 03:26:44,665 - info - INFO - <Response [200]>
2024-02-22 03:26:44,665 - info - INFO - 200
2024-02-22 03:26:44,666 - info - INFO - b'{"success":true, "failure_reason":"UNKNOWN_FAILURE_REASON", "order_id":"5ce55568-ef2b-48f1-b1ef-4ad3e8e97ca3", "success_response":{"order_id":"5ce55568-ef2b-48f1-b1ef-4ad3e8e97ca3", "product_id":"XLM-USD", "side":"SELL", "client_order_id":"e6f83f49-8324-4933-8516-73fb15d472aa"}, "order_configuration":{"limit_limit_gtc":{"base_size":"100.0", "limit_price":"0.117091", "post_only":true}}}'
2024-02-22 03:26:44,668 - info - INFO - Starting opening cycle sell order placed. Order ID: 5ce55568-ef2b-48f1-b1ef-4ad3e8e97ca3
2024-02-22 03:26:44,680 - info - INFO - CyclSet 1 sell_buy Cycle 1: Active-Starting Opening Sell Order
2024-02-22 03:26:46,271 - info - INFO - 24 hr High: 0.117026, 24 hr Low: 0.113279
2024-02-22 03:26:46,272 - info - INFO - 24 hr mean: 0.1151525
2024-02-22 03:26:46,273 - info - INFO - Moving Average: 0.1168046
2024-02-22 03:26:46,275 - info - INFO - Standard Deviation: 0.00017229088010809252
2024-02-22 03:26:46,275 - info - INFO - Upper Bollinger Band: 0.11714918176021617
2024-02-22 03:26:46,275 - info - INFO - Lower Bollinger Band: 0.11646001823978382
2024-02-22 03:26:46,914 - info - INFO - get_best_bid_ask_prices raw response data: {"pricebooks":[{"product_id":"XLM-USD", "bids":[{"price":"0.116862", "size":"2000"}], "asks":[{"price":"0.116894", "size":"1648"}], "time":"2024-02-22T08:26:47.565279Z"}]}
2024-02-22 03:26:46,914 - info - INFO - For XLM-USD: Best bid: 0.116862, Best ask: 0.116894
2024-02-22 03:26:46,921 - info - INFO - Current price: 0.116846
2024-02-22 03:26:46,924 - info - INFO - Starting price determined for buy order: 0.116506
2024-02-22 03:26:46,926 - info - INFO - starting_size_Q = 10.0, maker_fee = 0.0035, starting_price_buy = 0.116506
2024-02-22 03:26:46,927 - info - INFO - Base size calculated successfully: 85.0
2024-02-22 03:26:46,928 - info - INFO - Unique ID created: b65c1e9f-3029-49ba-b9d5-dd819cb15262
2024-02-22 03:26:46,928 - info - INFO - Payload: {'side': 'BUY', 'order_configuration': {'limit_limit_gtc': {'base_size': '85.0', 'limit_price': '0.116506', 'post_only': True}}, 'product_id': 'XLM-USD', 'client_order_id': 'b65c1e9f-3029-49ba-b9d5-dd819cb15262'}
2024-02-22 03:26:47,781 - info - INFO - <Response [200]>
2024-02-22 03:26:47,782 - info - INFO - 200
2024-02-22 03:26:47,783 - info - INFO - b'{"success":true, "failure_reason":"UNKNOWN_FAILURE_REASON", "order_id":"c8a9f181-f328-44d7-b688-89e3631f7e4c", "success_response":{"order_id":"c8a9f181-f328-44d7-b688-89e3631f7e4c", "product_id":"XLM-USD", "side":"BUY", "client_order_id":"b65c1e9f-3029-49ba-b9d5-dd819cb15262"}, "order_configuration":{"limit_limit_gtc":{"base_size":"85.0", "limit_price":"0.116506", "post_only":true}}}'
2024-02-22 03:26:47,784 - info - INFO - Starting opening cycle buy order placed. Order ID: c8a9f181-f328-44d7-b688-89e3631f7e4c
2024-02-22 03:26:47,789 - info - INFO - CyclSet 1 buy_sell Cycle 1: Active-Starting Opening Buy Order
2024-02-22 04:23:36,857 - info - INFO - Subtotal for open limit sell order: 11.7091
2024-02-22 04:23:36,858 - info - INFO - Fee for open limit sell order: 0.040982
2024-02-22 04:23:36,859 - info - INFO - Total open cycle amount of base currency spent: 100.0
2024-02-22 04:23:36,861 - info - INFO - Total open cycle amount of quote currency received: 11.668118
2024-02-22 04:23:36,862 - info - INFO - Residual open cycle amount of base currency not spent: 0.0
2024-02-22 04:23:36,867 - info - INFO - CyclSet 1 (sell_buy) Cycle 1: Pending-Starting Closing Buy Order
2024-02-22 04:23:36,874 - info - INFO - close_size_Q = 11.668118, maker_fee = 0.0035, close_price_buy = 0.116154
2024-02-22 04:23:36,879 - info - INFO - Unique ID created: e4b6d88d-4483-4dd1-b166-0901cb765d01
2024-02-22 04:23:36,880 - info - INFO - Payload: {'side': 'BUY', 'order_configuration': {'limit_limit_gtc': {'base_size': '100.0', 'limit_price': '0.116154', 'post_only': True}}, 'product_id': 'XLM-USD', 'client_order_id': 'e4b6d88d-4483-4dd1-b166-0901cb765d01'}
2024-02-22 04:23:37,829 - info - INFO - <Response [200]>
2024-02-22 04:23:37,830 - info - INFO - 200
2024-02-22 04:23:37,831 - info - INFO - b'{"success":true, "failure_reason":"UNKNOWN_FAILURE_REASON", "order_id":"ef348c71-ad79-48e9-92e9-fe4103093a19", "success_response":{"order_id":"ef348c71-ad79-48e9-92e9-fe4103093a19", "product_id":"XLM-USD", "side":"BUY", "client_order_id":"e4b6d88d-4483-4dd1-b166-0901cb765d01"}, "order_configuration":{"limit_limit_gtc":{"base_size":"100.0", "limit_price":"0.116154", "post_only":true}}}'
2024-02-22 04:23:37,838 - info - INFO - CyclSet 1 sell_buy Cycle 1: Active-Starting Closing Buy Order
2024-02-22 05:36:38,242 - info - INFO - Subtotal for open limit buy order: 9.90301
2024-02-22 05:36:38,243 - info - INFO - Fee for open limit buy order: 0.034661
2024-02-22 05:36:38,243 - info - INFO - Total open cycle amount of quote currency spent: 9.937671
2024-02-22 05:36:38,246 - info - INFO - Total open cycle amount of base currency received: 85.0
2024-02-22 05:36:38,247 - info - INFO - Residual open cycle amount of quote currency not spent: 0.062329
2024-02-22 05:36:38,253 - info - INFO - CyclSet 1 buy_sell Cycle 1: Pending-Starting Closing Sell Order
2024-02-22 05:36:38,271 - info - INFO - Unique ID created: 8b605265-0c1a-433a-be77-be10810918b0
2024-02-22 05:36:38,271 - info - INFO - Payload: {'side': 'SELL', 'order_configuration': {'limit_limit_gtc': {'base_size': '85.0', 'limit_price': '0.117438', 'post_only': True}}, 'product_id': 'XLM-USD', 'client_order_id': '8b605265-0c1a-433a-be77-be10810918b0'}
2024-02-22 05:36:39,475 - info - INFO - <Response [200]>
2024-02-22 05:36:39,476 - info - INFO - 200
2024-02-22 05:36:39,480 - info - INFO - b'{"success":true, "failure_reason":"UNKNOWN_FAILURE_REASON", "order_id":"15e74dee-6140-4cbb-bb79-729d46040f82", "success_response":{"order_id":"15e74dee-6140-4cbb-bb79-729d46040f82", "product_id":"XLM-USD", "side":"SELL", "client_order_id":"8b605265-0c1a-433a-be77-be10810918b0"}, "order_configuration":{"limit_limit_gtc":{"base_size":"85.0", "limit_price":"0.117438", "post_only":true}}}'
2024-02-22 05:36:39,505 - info - INFO - CyclSet 1 buy_sell Cycle 1: Active-Starting Closing Sell Order
2024-02-22 05:47:18,498 - info - INFO - Subtotal for close limit buy order: 11.6154
2024-02-22 05:47:18,499 - info - INFO - Fee for close limit buy order: 0.040654
2024-02-22 05:47:18,499 - info - INFO - Total close cycle amount of quote currency spent: 11.656054
2024-02-22 05:47:18,500 - info - INFO - Total close cycle amount of base currency received: 100.0
2024-02-22 05:47:18,500 - info - INFO - Residual close cycle amount of quote currency not spent: 0.012064
2024-02-22 05:47:18,504 - info - INFO - CyclSet 1 sell_buy Cycle 1: Pending-Next Opening Sell Order
2024-02-22 05:48:29,278 - info - INFO - Moving Average: 0.1168046
2024-02-22 05:48:29,282 - info - INFO - Standard Deviation: 0.00017229088010809252
2024-02-22 05:48:29,282 - info - INFO - Upper Bollinger Band: 0.11714918176021617
2024-02-22 05:48:29,282 - info - INFO - Lower Bollinger Band: 0.11646001823978382
2024-02-22 05:48:30,100 - info - INFO - get_best_bid_ask_prices raw response data: {"pricebooks":[{"product_id":"XLM-USD", "bids":[{"price":"0.116244", "size":"6937"}], "asks":[{"price":"0.116287", "size":"5920"}], "time":"2024-02-22T10:48:30.520829Z"}]}
2024-02-22 05:48:30,101 - info - INFO - For XLM-USD: Best bid: 0.116244, Best ask: 0.116287
2024-02-22 05:48:30,221 - info - INFO - Unique ID created: 745e46fe-89ff-44ce-8fbb-0d8141e729d5
2024-02-22 05:48:30,223 - info - INFO - Payload: {'side': 'SELL', 'order_configuration': {'limit_limit_gtc': {'base_size': '100.0', 'limit_price': '0.117266', 'post_only': True}}, 'product_id': 'XLM-USD', 'client_order_id': '745e46fe-89ff-44ce-8fbb-0d8141e729d5'}
2024-02-22 05:48:31,102 - info - INFO - <Response [200]>
2024-02-22 05:48:31,103 - info - INFO - 200
2024-02-22 05:48:31,104 - info - INFO - b'{"success":true, "failure_reason":"UNKNOWN_FAILURE_REASON", "order_id":"3a9fbff1-c49a-467f-b3ca-394d7b97f4c0", "success_response":{"order_id":"3a9fbff1-c49a-467f-b3ca-394d7b97f4c0", "product_id":"XLM-USD", "side":"SELL", "client_order_id":"745e46fe-89ff-44ce-8fbb-0d8141e729d5"}, "order_configuration":{"limit_limit_gtc":{"base_size":"100.0", "limit_price":"0.117266", "post_only":true}}}'
2024-02-24 12:01:12,292 - info - INFO - This is an info message
2024-02-24 12:01:12,311 - info - INFO - API credentials fetched successfully
2024-02-24 12:01:12,311 - info - INFO - config module loaded successfully
2024-02-24 12:02:03,499 - info - INFO - user_input2 module loaded successfully
2024-02-24 12:02:03,502 - info - INFO - coinbase_auth module loaded successfully
2024-02-24 12:02:03,505 - info - INFO - coinbase_utils module loaded successfully
2024-02-24 12:02:05,354 - info - INFO - {'product_id': 'XLM-USD', 'price': '0.116561', 'price_percentage_change_24h': '1.38031207055508', 'volume_24h': '49318660.0287', 'volume_percentage_change_24h': '-32.41345249701263', 'base_increment': '0.0001', 'quote_increment': '0.000001', 'quote_min_size': '1', 'quote_max_size': '10000000', 'base_min_size': '12', 'base_max_size': '116945400', 'base_name': 'Stellar Lumens', 'quote_name': 'US Dollar', 'watched': True, 'is_disabled': False, 'new': False, 'status': 'online', 'cancel_only': False, 'limit_only': False, 'post_only': False, 'trading_disabled': False, 'auction_mode': False, 'product_type': 'SPOT', 'quote_currency_id': 'USD', 'base_currency_id': 'XLM', 'base_display_symbol': 'XLM', 'quote_display_symbol': 'USD', 'view_only': False, 'price_increment': '0.000001'}
2024-02-24 12:03:34,517 - info - INFO - This is an info message
2024-02-24 12:03:34,524 - info - INFO - API credentials fetched successfully
2024-02-24 12:03:34,525 - info - INFO - config module loaded successfully
2024-02-24 12:04:16,161 - info - INFO - user_input2 module loaded successfully
2024-02-24 12:04:16,166 - info - INFO - coinbase_auth module loaded successfully
2024-02-24 12:04:16,169 - info - INFO - coinbase_utils module loaded successfully
2024-02-24 12:04:19,864 - info - INFO - {'product_id': 'XLM-USD', 'price': '0.116539', 'price_percentage_change_24h': '1.40704129757575', 'volume_24h': '49194518.8957', 'volume_percentage_change_24h': '-32.50432576920153', 'base_increment': '0.0001', 'quote_increment': '0.000001', 'quote_min_size': '1', 'quote_max_size': '10000000', 'base_min_size': '12', 'base_max_size': '116945400', 'base_name': 'Stellar Lumens', 'quote_name': 'US Dollar', 'watched': True, 'is_disabled': False, 'new': False, 'status': 'online', 'cancel_only': False, 'limit_only': False, 'post_only': False, 'trading_disabled': False, 'auction_mode': False, 'product_type': 'SPOT', 'quote_currency_id': 'USD', 'base_currency_id': 'XLM', 'base_display_symbol': 'XLM', 'quote_display_symbol': 'USD', 'view_only': False, 'price_increment': '0.000001'}
2024-02-24 12:29:12,112 - info - INFO - This is an info message
2024-02-24 12:29:12,123 - info - INFO - API credentials fetched successfully
2024-02-24 12:29:12,123 - info - INFO - config module loaded successfully
2024-02-24 12:29:53,532 - info - INFO - user_input2 module loaded successfully
2024-02-24 12:29:53,534 - info - INFO - coinbase_auth module loaded successfully
2024-02-24 12:29:53,562 - info - INFO - coinbase_utils module loaded successfully
2024-02-24 12:29:55,306 - info - INFO - {'product_id': 'XLM-USD', 'price': '0.116929', 'price_percentage_change_24h': '1.79600578064876', 'volume_24h': '45952623.806', 'volume_percentage_change_24h': '-39.67728230216654', 'base_increment': '0.0001', 'quote_increment': '0.000001', 'quote_min_size': '1', 'quote_max_size': '10000000', 'base_min_size': '12', 'base_max_size': '116945400', 'base_name': 'Stellar Lumens', 'quote_name': 'US Dollar', 'watched': True, 'is_disabled': False, 'new': False, 'status': 'online', 'cancel_only': False, 'limit_only': False, 'post_only': False, 'trading_disabled': False, 'auction_mode': False, 'product_type': 'SPOT', 'quote_currency_id': 'USD', 'base_currency_id': 'XLM', 'base_display_symbol': 'XLM', 'quote_display_symbol': 'USD', 'view_only': False, 'price_increment': '0.000001'}
2024-02-24 12:44:42,926 - info - INFO - Subtotal for open limit sell order: 11.7266
2024-02-24 12:44:42,928 - info - INFO - Fee for open limit sell order: 0.041043
2024-02-24 12:44:42,928 - info - INFO - Total open cycle amount of base currency spent: 100.0
2024-02-24 12:44:42,928 - info - INFO - Total open cycle amount of quote currency received: 11.685557
2024-02-24 12:44:42,928 - info - INFO - Residual open cycle amount of base currency not spent: 0.0
2024-02-24 12:44:42,934 - info - INFO - CyclSet 1 (sell_buy) Cycle 2: Pending-Closing Buy Order
2024-02-24 12:44:42,946 - info - INFO - close_size_Q = 11.685557, maker_fee = 0.0035, close_price_buy = 0.116328
2024-02-24 12:44:42,953 - info - INFO - Unique ID created: 34865427-bf37-4b7c-95e4-599f08841833
2024-02-24 12:44:42,954 - info - INFO - Payload: {'side': 'BUY', 'order_configuration': {'limit_limit_gtc': {'base_size': '100.0', 'limit_price': '0.116328', 'post_only': True}}, 'product_id': 'XLM-USD', 'client_order_id': '34865427-bf37-4b7c-95e4-599f08841833'}
2024-02-24 12:44:44,066 - info - INFO - <Response [200]>
2024-02-24 12:44:44,067 - info - INFO - 200
2024-02-24 12:44:44,067 - info - INFO - b'{"success":true, "failure_reason":"UNKNOWN_FAILURE_REASON", "order_id":"ae8a7a25-d48d-450a-876f-515eee2eb0e5", "success_response":{"order_id":"ae8a7a25-d48d-450a-876f-515eee2eb0e5", "product_id":"XLM-USD", "side":"BUY", "client_order_id":"34865427-bf37-4b7c-95e4-599f08841833"}, "order_configuration":{"limit_limit_gtc":{"base_size":"100.0", "limit_price":"0.116328", "post_only":true}}}'
2024-02-24 12:44:44,071 - info - INFO - CyclSet 1 (sell_buy) Cycle 2: Active-Closing Buy Order
2024-02-24 12:49:53,099 - info - INFO - Subtotal for close limit sell order: 9.98223
2024-02-24 12:49:53,099 - info - INFO - Fee for close limit sell order: 0.034938
2024-02-24 12:49:53,099 - info - INFO - Total close cycle amount of base currency spent: 85.0
2024-02-24 12:49:53,100 - info - INFO - Total close cycle amount of quote currency received: 9.947292
2024-02-24 12:49:53,100 - info - INFO - Residual close cycle amount of base currency not spent: 0.0
2024-02-24 12:49:53,102 - info - INFO - CyclSet 1 buy_sell Cycle 1: Completed-Pending-Next Opening Buy Order
2024-02-24 12:53:30,568 - info - INFO - Moving Average: 0.1168046
2024-02-24 12:53:30,575 - info - INFO - Standard Deviation: 0.00017229088010809252
2024-02-24 12:53:30,579 - info - INFO - Upper Bollinger Band: 0.11714918176021617
2024-02-24 12:53:30,585 - info - INFO - Lower Bollinger Band: 0.11646001823978382
2024-02-24 12:53:31,470 - info - INFO - get_best_bid_ask_prices raw response data: {"pricebooks":[{"product_id":"XLM-USD", "bids":[{"price":"0.117339", "size":"322076.4566"}], "asks":[{"price":"0.117348", "size":"4989"}], "time":"2024-02-24T17:53:29.796038Z"}]}
2024-02-24 12:53:31,471 - info - INFO - For XLM-USD: Best bid: 0.117339, Best ask: 0.117348
2024-02-24 12:53:31,506 - info - INFO - open_size_Q = 9.947292, maker_fee = 0.0035, open_price_buy = 0.117259
2024-02-24 12:53:31,507 - info - INFO - Unique ID created: 8fce502e-6822-470b-be9d-62ffb7805746
2024-02-24 12:53:31,507 - info - INFO - Payload: {'side': 'BUY', 'order_configuration': {'limit_limit_gtc': {'base_size': '84.0', 'limit_price': '0.117259', 'post_only': True}}, 'product_id': 'XLM-USD', 'client_order_id': '8fce502e-6822-470b-be9d-62ffb7805746'}
2024-02-24 12:53:32,271 - info - INFO - <Response [200]>
2024-02-24 12:53:32,271 - info - INFO - 200
2024-02-24 12:53:32,272 - info - INFO - b'{"success":true, "failure_reason":"UNKNOWN_FAILURE_REASON", "order_id":"742a6cdd-b4c1-419a-bfd3-3d7ad48786fa", "success_response":{"order_id":"742a6cdd-b4c1-419a-bfd3-3d7ad48786fa", "product_id":"XLM-USD", "side":"BUY", "client_order_id":"8fce502e-6822-470b-be9d-62ffb7805746"}, "order_configuration":{"limit_limit_gtc":{"base_size":"84.0", "limit_price":"0.117259", "post_only":true}}}'
2024-02-24 13:31:33,632 - info - INFO - This is an info message
2024-02-24 13:31:33,646 - info - INFO - API credentials fetched successfully
2024-02-24 13:31:33,646 - info - INFO - config module loaded successfully
2024-02-24 13:32:16,600 - info - INFO - user_input2 module loaded successfully
2024-02-24 13:32:16,602 - info - INFO - coinbase_auth module loaded successfully
2024-02-24 13:32:16,604 - info - INFO - coinbase_utils module loaded successfully
2024-02-24 13:35:50,430 - info - INFO - This is an info message
2024-02-24 13:35:50,433 - info - INFO - API credentials fetched successfully
2024-02-24 13:35:50,433 - info - INFO - config module loaded successfully
2024-02-24 13:36:32,913 - info - INFO - user_input2 module loaded successfully
2024-02-24 13:36:32,915 - info - INFO - coinbase_auth module loaded successfully
2024-02-24 13:36:32,916 - info - INFO - coinbase_utils module loaded successfully
2024-02-24 13:52:44,508 - info - INFO - This is an info message
2024-02-24 13:54:46,305 - info - INFO - This is an info message
2024-02-24 13:54:46,309 - info - INFO - API credentials fetched successfully
2024-02-24 13:54:46,309 - info - INFO - config module loaded successfully
2024-02-24 13:55:30,087 - info - INFO - user_input2 module loaded successfully
2024-02-24 13:55:30,096 - info - INFO - coinbase_auth module loaded successfully
2024-02-24 13:55:30,098 - info - INFO - coinbase_utils module loaded successfully
2024-02-24 13:55:52,668 - info - INFO - {'product_id': 'XLM-USD', 'price': '0.116304', 'price_percentage_change_24h': '1.37280025102633', 'volume_24h': '42957097.7063', 'volume_percentage_change_24h': '-43.60478173096478', 'base_increment': '0.0001', 'quote_increment': '0.000001', 'quote_min_size': '1', 'quote_max_size': '10000000', 'base_min_size': '12', 'base_max_size': '116945400', 'base_name': 'Stellar Lumens', 'quote_name': 'US Dollar', 'watched': True, 'is_disabled': False, 'new': False, 'status': 'online', 'cancel_only': False, 'limit_only': False, 'post_only': False, 'trading_disabled': False, 'auction_mode': False, 'product_type': 'SPOT', 'quote_currency_id': 'USD', 'base_currency_id': 'XLM', 'base_display_symbol': 'XLM', 'quote_display_symbol': 'USD', 'view_only': False, 'price_increment': '0.000001'}
2024-02-24 13:58:02,520 - info - INFO - This is an info message
2024-02-24 13:58:02,527 - info - INFO - API credentials fetched successfully
2024-02-24 13:58:02,528 - info - INFO - config module loaded successfully
2024-02-24 13:58:52,425 - info - INFO - user_input2 module loaded successfully
2024-02-24 13:58:52,428 - info - INFO - coinbase_auth module loaded successfully
2024-02-24 13:58:52,429 - info - INFO - coinbase_utils module loaded successfully
2024-02-24 13:58:54,310 - info - INFO - {'product_id': 'XLM-USD', 'price': '0.11632', 'price_percentage_change_24h': '1.38586245968796', 'volume_24h': '42938828.8655', 'volume_percentage_change_24h': '-43.50040384278836', 'base_increment': '0.0001', 'quote_increment': '0.000001', 'quote_min_size': '1', 'quote_max_size': '10000000', 'base_min_size': '12', 'base_max_size': '116945400', 'base_name': 'Stellar Lumens', 'quote_name': 'US Dollar', 'watched': True, 'is_disabled': False, 'new': False, 'status': 'online', 'cancel_only': False, 'limit_only': False, 'post_only': False, 'trading_disabled': False, 'auction_mode': False, 'product_type': 'SPOT', 'quote_currency_id': 'USD', 'base_currency_id': 'XLM', 'base_display_symbol': 'XLM', 'quote_display_symbol': 'USD', 'view_only': False, 'price_increment': '0.000001'}
2024-02-24 14:00:08,176 - info - INFO - This is an info message
2024-02-24 14:00:08,179 - info - INFO - API credentials fetched successfully
2024-02-24 14:00:08,179 - info - INFO - config module loaded successfully
2024-02-24 14:00:55,903 - info - INFO - user_input2 module loaded successfully
2024-02-24 14:00:55,905 - info - INFO - coinbase_auth module loaded successfully
2024-02-24 14:00:55,907 - info - INFO - coinbase_utils module loaded successfully
2024-02-24 14:01:00,657 - info - INFO - {'product_id': 'XLM-USD', 'price': '0.116458', 'price_percentage_change_24h': '1.47430423644633', 'volume_24h': '42677175.2165', 'volume_percentage_change_24h': '-43.85338374441905', 'base_increment': '0.0001', 'quote_increment': '0.000001', 'quote_min_size': '1', 'quote_max_size': '10000000', 'base_min_size': '12', 'base_max_size': '116945400', 'base_name': 'Stellar Lumens', 'quote_name': 'US Dollar', 'watched': True, 'is_disabled': False, 'new': False, 'status': 'online', 'cancel_only': False, 'limit_only': False, 'post_only': False, 'trading_disabled': False, 'auction_mode': False, 'product_type': 'SPOT', 'quote_currency_id': 'USD', 'base_currency_id': 'XLM', 'base_display_symbol': 'XLM', 'quote_display_symbol': 'USD', 'view_only': False, 'price_increment': '0.000001'}
2024-02-24 14:56:03,052 - info - INFO - This is an info message
2024-02-24 14:56:03,076 - info - INFO - API credentials fetched successfully
2024-02-24 14:56:03,076 - info - INFO - config module loaded successfully
2024-02-24 14:56:50,087 - info - INFO - user_input2 module loaded successfully
2024-02-24 14:56:50,097 - info - INFO - coinbase_auth module loaded successfully
2024-02-24 14:56:50,100 - info - INFO - coinbase_utils module loaded successfully
2024-02-24 14:56:51,861 - info - INFO - {'product_id': 'XLM-USD', 'price': '0.116923', 'price_percentage_change_24h': '1.09636418658943', 'volume_24h': '41483717.1086', 'volume_percentage_change_24h': '-45.41033437207104', 'base_increment': '0.0001', 'quote_increment': '0.000001', 'quote_min_size': '1', 'quote_max_size': '10000000', 'base_min_size': '12', 'base_max_size': '116945400', 'base_name': 'Stellar Lumens', 'quote_name': 'US Dollar', 'watched': True, 'is_disabled': False, 'new': False, 'status': 'online', 'cancel_only': False, 'limit_only': False, 'post_only': False, 'trading_disabled': False, 'auction_mode': False, 'product_type': 'SPOT', 'quote_currency_id': 'USD', 'base_currency_id': 'XLM', 'base_display_symbol': 'XLM', 'quote_display_symbol': 'USD', 'view_only': False, 'price_increment': '0.000001'}
2024-02-24 17:37:24,151 - info - INFO - Subtotal for close limit buy order: 11.6328
2024-02-24 17:37:24,152 - info - INFO - Fee for close limit buy order: 0.040715
2024-02-24 17:37:24,156 - info - INFO - Total close cycle amount of quote currency spent: 11.673515
2024-02-24 17:37:24,157 - info - INFO - Total close cycle amount of base currency received: 100.0
2024-02-24 17:37:24,158 - info - INFO - Residual close cycle amount of quote currency not spent: 0.012042
2024-02-24 17:37:24,161 - info - INFO - CyclSet 1 (sell_buy) Cycle 2: Completed-Pending Next Opening Sell Order
2024-02-24 17:37:28,058 - info - INFO - Subtotal for open limit buy order: 9.849756
2024-02-24 17:37:28,058 - info - INFO - Fee for open limit buy order: 0.034474
2024-02-24 17:37:28,059 - info - INFO - Total open cycle amount of quote currency spent: 9.88423
2024-02-24 17:37:28,059 - info - INFO - Total open cycle amount of base currency received: 84.0
2024-02-24 17:37:28,060 - info - INFO - Residual open cycle amount of quote currency not spent: 0.063062
2024-02-24 17:37:28,064 - info - INFO - CyclSet 1 (buy_sell) Cycle 2: Pending-Closing Sell Order
2024-02-24 17:37:28,078 - info - INFO - Unique ID created: 90fb22d4-da85-47d5-bb83-832b74844b10
2024-02-24 17:37:28,078 - info - INFO - Payload: {'side': 'SELL', 'order_configuration': {'limit_limit_gtc': {'base_size': '84.0', 'limit_price': '0.118197', 'post_only': True}}, 'product_id': 'XLM-USD', 'client_order_id': '90fb22d4-da85-47d5-bb83-832b74844b10'}
2024-02-24 17:37:29,238 - info - INFO - <Response [200]>
2024-02-24 17:37:29,239 - info - INFO - 200
2024-02-24 17:37:29,240 - info - INFO - b'{"success":true, "failure_reason":"UNKNOWN_FAILURE_REASON", "order_id":"0b72bcc5-5221-4f8a-84a9-1b085d7e25e5", "success_response":{"order_id":"0b72bcc5-5221-4f8a-84a9-1b085d7e25e5", "product_id":"XLM-USD", "side":"SELL", "client_order_id":"90fb22d4-da85-47d5-bb83-832b74844b10"}, "order_configuration":{"limit_limit_gtc":{"base_size":"84.0", "limit_price":"0.118197", "post_only":true}}}'
2024-02-24 17:37:29,247 - info - INFO - CyclSet 1 (buy_sell) Cycle 2: Active-Closing Sell Order
2024-02-24 17:37:43,949 - info - INFO - Status info: ['Cycle Set 1 (buy_sell) status: CyclSet 1 buy_sell Active', 'Completed cycles: <cycle_set_utils.Cycle object at 0x0000026D3F8C3450>', 'Cycle 2 status: CyclSet 1 (buy_sell) Cycle 2: Active-Closing Sell Order']
2024-02-24 17:37:43,951 - info - INFO - Status message: Cycle Set 1 (buy_sell) status: CyclSet 1 buy_sell Active
Completed cycles: <cycle_set_utils.Cycle object at 0x0000026D3F8C3450>
Cycle 2 status: CyclSet 1 (buy_sell) Cycle 2: Active-Closing Sell Order
2024-02-24 17:37:43,955 - info - INFO - Status info: ['Cycle Set 1 (buy_sell) status: CyclSet 1 buy_sell Active', 'Completed cycles: <cycle_set_utils.Cycle object at 0x0000026D3F8C3450>', 'Cycle 2 status: CyclSet 1 (buy_sell) Cycle 2: Active-Closing Sell Order']
2024-02-24 17:37:43,955 - info - INFO - Status message: Cycle Set 1 (buy_sell) status: CyclSet 1 buy_sell Active
Completed cycles: <cycle_set_utils.Cycle object at 0x0000026D3F8C3450>
Cycle 2 status: CyclSet 1 (buy_sell) Cycle 2: Active-Closing Sell Order
2024-02-24 17:39:27,888 - info - INFO - User input data for new cycle set(s): {'base_asset': 'XLM', 'quote_asset': 'USD', 'product_id': 'XLM-USD', 'starting_size_B': 50.0, 'starting_size_Q': 5.0, 'profit_percent': 0.001, 'taker_fee': 0.0055, 'maker_fee': 0.0035, 'compound_percent': 100.0, 'compounding_option': '100', 'wait_period_unit': 'minutes', 'first_order_wait_period': 1, 'chart_interval': 60, 'num_intervals': 20, 'window_size': 20, 'stacking': 'False', 'step_price': 'False'}
2024-02-25 06:42:29,532 - info - INFO - Moving Average: 0.1168046
2024-02-25 06:42:29,552 - info - INFO - Standard Deviation: 0.00017229088010809252
2024-02-25 06:42:29,553 - info - INFO - Upper Bollinger Band: 0.11714918176021617
2024-02-25 06:42:29,553 - info - INFO - Lower Bollinger Band: 0.11646001823978382
2024-02-25 06:42:32,103 - info - INFO - get_best_bid_ask_prices raw response data: {"pricebooks":[{"product_id":"XLM-USD", "bids":[{"price":"0.116361", "size":"3574.2729"}], "asks":[{"price":"0.116404", "size":"2355.5187"}], "time":"2024-02-25T11:42:29.174661Z"}]}
2024-02-25 06:42:32,105 - info - INFO - For XLM-USD: Best bid: 0.116361, Best ask: 0.116404
2024-02-25 06:42:32,196 - info - INFO - Unique ID created: dc9c9bda-30ef-49ae-8283-266721ded32b
2024-02-25 06:42:32,196 - info - INFO - Payload: {'side': 'SELL', 'order_configuration': {'limit_limit_gtc': {'base_size': '100.0', 'limit_price': '0.117266', 'post_only': True}}, 'product_id': 'XLM-USD', 'client_order_id': 'dc9c9bda-30ef-49ae-8283-266721ded32b'}
2024-02-25 06:42:33,445 - info - INFO - <Response [200]>
2024-02-25 06:42:33,446 - info - INFO - 200
2024-02-25 06:42:33,447 - info - INFO - b'{"success":true, "failure_reason":"UNKNOWN_FAILURE_REASON", "order_id":"68eceb34-d262-4063-b574-91986a6c49b1", "success_response":{"order_id":"68eceb34-d262-4063-b574-91986a6c49b1", "product_id":"XLM-USD", "side":"SELL", "client_order_id":"dc9c9bda-30ef-49ae-8283-266721ded32b"}, "order_configuration":{"limit_limit_gtc":{"base_size":"100.0", "limit_price":"0.117266", "post_only":true}}}'
2024-02-27 14:21:34,453 - info - INFO - This is an info message
2024-02-27 14:31:57,169 - info - INFO - This is an info message
2024-02-27 14:31:57,203 - info - INFO - user_input2 module loaded successfully
2024-02-27 14:32:41,156 - info - INFO - This is an info message
2024-02-27 14:32:41,157 - info - INFO - user_input2 module loaded successfully
2024-02-27 14:36:24,309 - info - INFO - This is an info message
2024-02-27 14:36:24,311 - info - INFO - user_input2 module loaded successfully
2024-02-27 14:41:24,003 - info - INFO - This is an info message
2024-02-27 14:41:24,009 - info - INFO - user_input2 module loaded successfully
2024-02-27 14:42:25,316 - info - INFO - This is an info message
2024-02-27 14:42:25,317 - info - INFO - user_input2 module loaded successfully
2024-02-27 16:24:39,723 - info - INFO - This is an info message
2024-02-27 16:24:39,725 - info - INFO - user_input2 module loaded successfully
2024-02-27 17:04:32,626 - info - INFO - This is an info message
2024-02-27 17:04:32,629 - info - INFO - user_input2 module loaded successfully
2024-02-27 17:21:40,946 - info - INFO - This is an info message
2024-02-27 17:21:40,947 - info - INFO - user_input2 module loaded successfully
2024-02-27 17:29:28,335 - info - INFO - This is an info message
2024-02-27 17:29:28,335 - info - INFO - user_input2 module loaded successfully
2024-02-27 17:30:33,205 - info - INFO - This is an info message
2024-02-27 17:30:33,206 - info - INFO - user_input2 module loaded successfully
2024-02-27 17:31:58,283 - info - INFO - This is an info message
2024-02-27 17:31:58,285 - info - INFO - user_input2 module loaded successfully
2024-02-27 17:35:21,355 - info - INFO - This is an info message
2024-02-27 17:35:21,356 - info - INFO - user_input2 module loaded successfully
